\BOOKMARK [0][-]{chapter*.1}{\376\377\210\150\150\074}{}% 1
\BOOKMARK [0][-]{chapter*.2}{\376\377\143\322\126\376}{}% 2
\BOOKMARK [0][-]{chapter*.3}{\376\377\122\115\212\000}{}% 3
\BOOKMARK [0][-]{chapter*.4}{\376\377\130\360\146\016}{}% 4
\BOOKMARK [0][-]{chapter*.5}{\376\377\121\163\116\216\117\134\200\005}{}% 5
\BOOKMARK [0][-]{chapter*.6}{\376\377\162\110\147\103}{}% 6
\BOOKMARK [0][-]{chapter.1}{\376\377\000R\000\040\217\157\116\366\116\016\000\040\000R\000s\000t\000u\000d\000i\000o}{}% 7
\BOOKMARK [1][-]{section.1.1}{\376\377\000R\000\040\217\157\116\366}{chapter.1}% 8
\BOOKMARK [1][-]{section.1.2}{\376\377\000R\000s\000t\000u\000d\000i\000o}{chapter.1}% 9
\BOOKMARK [0][-]{chapter.2}{\376\377\142\171\221\317\131\004\164\006\121\111\124\010\155\113\133\232\145\160\143\156}{}% 10
\BOOKMARK [1][-]{section.2.1}{\376\377\133\211\210\305}{chapter.2}% 11
\BOOKMARK [1][-]{section.2.2}{\376\377\0006\0004\0000\0000\000\040\145\160\143\156\145\164\124\010}{chapter.2}% 12
\BOOKMARK [1][-]{section.2.3}{\376\377\000L\000I\000-\0006\0008\0000\0000\000\040\145\160\143\156\145\164\124\010}{chapter.2}% 13
\BOOKMARK [0][-]{chapter.3}{\376\377\000C\000O\0002\000\040\124\315\136\224\146\362\176\277\166\204\142\337\124\010}{}% 14
\BOOKMARK [1][-]{section.3.1}{\376\377\000F\000v\000C\000B\000\040\152\041\127\213}{chapter.3}% 15
\BOOKMARK [1][-]{section.3.2}{\376\377\000C\000O\0002\000\040\124\315\136\224\146\362\176\277\155\113\221\317\166\204\154\350\141\017\116\213\230\171}{chapter.3}% 16
\BOOKMARK [2][-]{subsection.3.2.1}{\376\377\122\006\153\265\140\047}{section.3.2}% 17
\BOOKMARK [2][-]{subsection.3.2.2}{\376\377\155\113\221\317\154\350\141\017\116\213\230\171}{section.3.2}% 18
\BOOKMARK [1][-]{section.3.3}{\376\377\000p\000l\000a\000n\000t\000e\000c\000o\000p\000h\000y\000s\000\040\217\157\116\366\123\005}{chapter.3}% 19
\BOOKMARK [1][-]{section.3.4}{\376\377\000L\000I\000-\0006\0004\0000\0000\000X\000T\000\040\000C\000O\0002\000\040\124\315\136\224\146\362\176\277\166\204\142\337\124\010}{chapter.3}% 20
\BOOKMARK [2][-]{subsection.3.4.1}{\376\377\000f\000i\000t\000a\000c\000i\000\040\121\375\145\160\116\313\176\315}{section.3.4}% 21
\BOOKMARK [1][-]{section.3.5}{\376\377\117\177\165\050\000\040\000p\000l\000a\000n\000t\000e\000c\000o\000p\000h\000y\000s\000\040\142\337\124\010\000\040\000L\000I\000-\0006\0004\0000\0000\000X\000T\000\040\000C\000O\0002\000\040\124\315\136\224\146\362\176\277\145\160\143\156}{chapter.3}% 22
\BOOKMARK [2][-]{subsection.3.5.1}{\376\377\145\160\143\156\166\204\122\115\131\004\164\006}{section.3.5}% 23
\BOOKMARK [2][-]{subsection.3.5.2}{\376\377\117\177\165\050\171\072\117\213}{section.3.5}% 24
\BOOKMARK [2][-]{subsection.3.5.3}{\376\377\117\177\165\050\000\040\000`\000o\000n\000e\000p\000o\000i\000n\000t\000'\000\040\123\125\162\354\213\241\173\227\000\040\000V\000c\000m\000a\000x\000\040\124\214\000\040\000J\000m\000a\000x}{section.3.5}% 25
\BOOKMARK [2][-]{subsection.3.5.4}{\376\377\131\032\147\141\000\040\000C\000O\0002\000\040\124\315\136\224\146\362\176\277\166\204\142\337\124\010}{section.3.5}% 26
\BOOKMARK [2][-]{subsection.3.5.5}{\376\377\000f\000i\000n\000d\000C\000i\000T\000r\000a\000n\000s\000i\000t\000i\000o\000n\000\040\121\375\145\160}{section.3.5}% 27
\BOOKMARK [1][-]{section.3.6}{\376\377\000C\0004\000\040\151\015\162\151\121\111\124\010}{chapter.3}% 28
\BOOKMARK [2][-]{subsection.3.6.1}{\376\377\000C\0004\000\040\151\015\162\151\121\111\124\010\220\037\163\207\166\204\213\241\173\227}{section.3.6}% 29
\BOOKMARK [0][-]{chapter.4}{\376\377\154\024\133\124\133\374\136\246\152\041\127\213\166\204\142\337\124\010}{}% 30
\BOOKMARK [1][-]{section.4.1}{\376\377\000B\000a\000l\000l\000B\000e\000r\000r\000y\000\040\152\041\127\213}{chapter.4}% 31
\BOOKMARK [1][-]{section.4.2}{\376\377\000B\000B\000L\000e\000u\000n\000i\000n\000g\000\040\152\041\127\213}{chapter.4}% 32
\BOOKMARK [1][-]{section.4.3}{\376\377\000B\000B\000O\000p\000t\000i\000F\000u\000l\000l\000\040\152\041\127\213}{chapter.4}% 33
\BOOKMARK [1][-]{section.4.4}{\376\377\000f\000i\000t\000B\000B\000\040\121\375\145\160}{chapter.4}% 34
\BOOKMARK [1][-]{section.4.5}{\376\377\000f\000i\000t\000B\000B\000s\000\040\121\375\145\160}{chapter.4}% 35
\BOOKMARK [0][-]{chapter.5}{\376\377\121\111\124\010\147\000\117\030\154\024\133\124\133\374\136\246\200\046\124\010\152\041\127\213}{}% 36
\BOOKMARK [1][-]{section.5.1}{\376\377\000F\000A\000R\000A\000O\000\040\121\375\145\160}{chapter.5}% 37
\BOOKMARK [0][-]{chapter.6}{\376\377\121\111\124\010\154\024\133\124\133\374\136\246\200\046\124\010\152\041\127\213}{}% 38
\BOOKMARK [1][-]{section.6.1}{\376\377\000P\000h\000o\000t\000o\000s\000y\000n\000\040\121\375\145\160}{chapter.6}% 39
\BOOKMARK [2][-]{subsection.6.1.1}{\376\377\000P\000h\000o\000t\000o\000s\000y\000n\000\040\117\177\165\050\116\076\117\213}{section.6.1}% 40
\BOOKMARK [1][-]{section.6.2}{\376\377\000P\000h\000o\000t\000o\000s\000y\000n\000E\000B\000\040\121\375\145\160}{chapter.6}% 41
\BOOKMARK [1][-]{section.6.3}{\376\377\000P\000h\000o\000t\000o\000s\000y\000n\000T\000u\000z\000e\000t\000\040\121\375\145\160}{chapter.6}% 42
\BOOKMARK [2][-]{subsection.6.3.1}{\376\377\000P\000h\000o\000t\000o\000s\000y\000n\000T\000u\000z\000e\000t\000\040\166\204\123\302\145\160}{section.6.3}% 43
\BOOKMARK [0][-]{chapter.7}{\376\377\000R\000H\000t\000o\000V\000P\000D\000\040\121\375\145\160}{}% 44
\BOOKMARK [0][-]{chapter.8}{\376\377\121\111\124\315\136\224\146\362\176\277\166\204\142\337\124\010}{}% 45
\BOOKMARK [1][-]{section.8.1}{\376\377\166\364\211\322\123\314\146\362\176\277\152\041\127\213}{chapter.8}% 46
\BOOKMARK [2][-]{subsection.8.1.1}{\376\377\166\364\211\322\123\314\146\362\176\277\152\041\127\213\166\204\133\236\163\260}{section.8.1}% 47
\BOOKMARK [1][-]{section.8.2}{\376\377\227\136\166\364\211\322\123\314\146\362\176\277\152\041\127\213}{chapter.8}% 48
\BOOKMARK [2][-]{subsection.8.2.1}{\376\377\227\136\166\364\211\322\123\314\146\362\176\277\152\041\127\213\166\204\133\236\163\260}{section.8.2}% 49
\BOOKMARK [1][-]{section.8.3}{\376\377\143\007\145\160\152\041\127\213}{chapter.8}% 50
\BOOKMARK [2][-]{subsection.8.3.1}{\376\377\143\007\145\160\152\041\127\213\166\204\133\236\163\260}{section.8.3}% 51
\BOOKMARK [1][-]{section.8.4}{\376\377\166\364\211\322\123\314\146\362\176\277\166\204\117\356\153\143\152\041\127\213}{chapter.8}% 52
\BOOKMARK [2][-]{subsection.8.4.1}{\376\377\166\364\211\322\123\314\146\362\176\277\117\356\153\143\152\041\127\213\166\204\133\236\163\260}{section.8.4}% 53
\BOOKMARK [0][-]{chapter.9}{\376\377\121\163\116\216\227\136\176\277\140\047\142\337\124\010\166\204\122\035\131\313\120\074}{}% 54
\BOOKMARK [1][-]{section.9.1}{\376\377\000n\000l\000s\000L\000M\000\040\211\343\121\263\145\271\150\110}{chapter.9}% 55
\BOOKMARK [1][-]{section.9.2}{\376\377\117\134\126\376\153\324\133\371\154\325}{chapter.9}% 56
\BOOKMARK [2][-]{subsection.9.2.1}{\376\377\133\236\163\260\217\307\172\013}{section.9.2}% 57
\BOOKMARK [2][-]{subsection.9.2.2}{\376\377\166\364\211\302\134\125\171\072}{section.9.2}% 58
\BOOKMARK [1][-]{section.9.3}{\376\377\201\352\122\250\131\032\153\041\134\035\213\325\154\325}{chapter.9}% 59
\BOOKMARK [1][-]{section.9.4}{\376\377\134\017\176\323}{chapter.9}% 60
\BOOKMARK [0][-]{chapter.10}{\376\377\000L\000I\000-\0006\0008\0000\0000\000\040\166\204\145\160\143\156\122\006\147\220}{}% 61
\BOOKMARK [1][-]{section.10.1}{\376\377\145\160\143\156\150\074\137\017}{chapter.10}% 62
\BOOKMARK [1][-]{section.10.2}{\376\377\000L\000I\000-\0006\0008\0000\0000\000\040\116\016\000\040\000L\000I\000-\0006\0004\0000\0000\000\040\117\177\165\050\145\366\166\204\135\356\122\053}{chapter.10}% 63
\BOOKMARK [1][-]{section.10.3}{\376\377\121\111\124\315\136\224\146\362\176\277\154\350\141\017\116\213\230\171}{chapter.10}% 64
\BOOKMARK [1][-]{section.10.4}{\376\377\000L\000I\000-\0006\0008\0000\0000\000\040\000R\000A\000C\000i\000R\166\204\155\113\221\317\116\016\142\337\124\010}{chapter.10}% 65
\BOOKMARK [1][-]{section.10.5}{\376\377\000r\000a\000c\000i\000r\000\040\217\157\116\366\123\005\133\236\163\260\000\040\000R\000A\000C\000i\000R\145\160\143\156\122\006\147\220}{chapter.10}% 66
\BOOKMARK [2][-]{subsection.10.5.1}{\376\377\133\236\163\260\217\307\172\013}{section.10.5}% 67
\BOOKMARK [1][-]{section.10.6}{\376\377\000R\000A\000C\000i\000R\122\006\147\220\166\204\142\113\122\250\133\236\163\260}{chapter.10}% 68
\BOOKMARK [1][-]{section.10.7}{\376\377\000L\000I\000-\0006\0008\0000\0000\000\040\203\147\121\111\145\160\143\156\122\006\147\220}{chapter.10}% 69
\BOOKMARK [2][-]{subsection.10.7.1}{\376\377\000j\000i\000p\000\040\000t\000e\000s\000t\000\040\166\204\133\236\163\260}{section.10.7}% 70
\BOOKMARK [2][-]{subsection.10.7.2}{\376\377\000j\000i\000p\000t\000e\000s\000t\000\040\217\157\116\366\123\005\133\211\210\305}{section.10.7}% 71
\BOOKMARK [2][-]{subsection.10.7.3}{\376\377\000r\000e\000a\000d\000\137\000f\000i\000l\000e\000s\000\040\123\312\000\040\000r\000e\000a\000d\000\137\000d\000c\000f\000i\000l\000e\000s\000\040\121\375\145\160}{section.10.7}% 72
\BOOKMARK [2][-]{subsection.10.7.4}{\376\377\000j\000i\000p\000\137\000t\000e\000s\000t\000\040\123\312\000\040\000j\000i\000p\000\137\000d\000c\000t\000e\000s\000t\000\040\121\375\145\160}{section.10.7}% 73
\BOOKMARK [2][-]{subsection.10.7.5}{\376\377\000j\000i\000p\000\137\000p\000l\000o\000t\000\040\123\312\000\040\000j\000i\000p\000\137\000d\000c\000p\000l\000o\000t\000\040\121\375\145\160}{section.10.7}% 74
\BOOKMARK [0][-]{chapter.11}{\376\377\000P\000C\000A\000\040\122\006\147\220}{}% 75
\BOOKMARK [1][-]{section.11.1}{\376\377\162\171\137\201\124\021\221\317\116\016\162\171\137\201\120\074}{chapter.11}% 76
\BOOKMARK [1][-]{section.11.2}{\376\377\000P\000C\000A\000\040\000R\000\040\213\355\212\000\133\236\163\260}{chapter.11}% 77
\BOOKMARK [2][-]{subsection.11.2.1}{\376\377\142\113\122\250\133\236\163\260\217\307\172\013}{section.11.2}% 78
\BOOKMARK [2][-]{subsection.11.2.2}{\376\377\000p\000r\000c\000o\000m\000p\000\040\166\204\133\236\163\260}{section.11.2}% 79
\BOOKMARK [2][-]{subsection.11.2.3}{\376\377\117\134\126\376}{section.11.2}% 80
\BOOKMARK [0][-]{chapter.12}{\376\377\163\257\130\203\116\016\221\115\177\156}{}% 81
\BOOKMARK [0][-]{chapter*.39}{\376\377\123\302\200\003\145\207\163\056}{}% 82
